Domain Home is:  /u01/oracle/user_projects/domains/base_domain
.
.
JAVA Memory arguments: -Djava.security.egd=file:/dev/./urandom
.
CLASSPATH=/usr/java/jdk-11.0.19/lib/tools.jar:/u01/oracle/wlserver/server/lib/weblogic.jar:/u01/oracle/wlserver/../oracle_common/modules/thirdparty/ant-contrib-1.0b3.jar:/u01/oracle/wlserver/modules/features/oracle.wls.common.nodemanager.jar::/u01/oracle/wlserver/common/derby/lib/derbynet.jar:/u01/oracle/wlserver/common/derby/lib/derbyclient.jar:/u01/oracle/wlserver/common/derby/lib/derby.jar
.
PATH=/u01/oracle/user_projects/domains/base_domain/bin:/u01/oracle/wlserver/server/bin:/u01/oracle/wlserver/../oracle_common/modules/thirdparty/org.apache.ant/1.10.5.0.0/apache-ant-1.10.5/bin:/usr/java/jdk-11.0.19/bin:/usr/java/jdk-11.0.19/bin:/usr/local/sbin:/usr/local/bin:/usr/sbin:/usr/bin:/sbin:/bin:/usr/java/jdk-11.0.19/bin:/u01/oracle/oracle_common/common/bin:/u01/oracle/wlserver/common/bin
.
***************************************************
*  To start WebLogic Server, use a username and   *
*  password assigned to an admin-level user.  For *
*  server administration, use the WebLogic Server *
*  console at http://hostname:port/console        *
***************************************************
Starting WLS with line:
/usr/java/jdk-11.0.19/bin/java -server   -Djava.security.egd=file:/dev/./urandom -cp /u01/oracle/wlserver/server/lib/weblogic-launcher.jar -Dlaunch.use.env.classpath=true -Dweblogic.Name=AdminServer -Djava.security.policy=/u01/oracle/wlserver/server/lib/weblogic.policy  -Dweblogic.ProductionModeEnabled=true  -Djava.system.class.loader=com.oracle.classloader.weblogic.LaunchClassLoader  -javaagent:/u01/oracle/wlserver/server/lib/debugpatch-agent.jar -da -Dwls.home=/u01/oracle/wlserver/server -Dweblogic.home=/u01/oracle/wlserver/server      weblogic.Server
<Jan 22, 2024, 11:30:23 AM Coordinated Universal Time> <Info> <Security> <BEA-090905> <Disabling the CryptoJ JCE Provider self-integrity check for better startup performance. To enable this check, specify -Dweblogic.security.allowCryptoJDefaultJCEVerification=true.> 
<Jan 22, 2024, 11:30:23 AM Coordinated Universal Time> <Info> <Security> <BEA-090906> <Changing the default Random Number Generator in RSA CryptoJ from ECDRBG128 to HMACDRBG. To disable this change, specify -Dweblogic.security.allowCryptoJDefaultPRNG=true.> 
<Jan 22, 2024, 11:30:23 AM Coordinated Universal Time> <Notice> <WebLogicServer> <BEA-000395> <The following extensions directory contents added to the end of the classpath: 
/u01/oracle/user_projects/domains/base_domain/lib/Amazon.jar:/u01/oracle/user_projects/domains/base_domain/lib/Azure.jar:/u01/oracle/user_projects/domains/base_domain/lib/CaseSummaryUtility.jar:/u01/oracle/user_projects/domains/base_domain/lib/ISPack.jar:/u01/oracle/user_projects/domains/base_domain/lib/NIPLJ.jar:/u01/oracle/user_projects/domains/base_domain/lib/ODEasy_SearchClient.jar:/u01/oracle/user_projects/domains/base_domain/lib/OMSUtility.jar:/u01/oracle/user_projects/domains/base_domain/lib/SecondaryDBUtility.jar:/u01/oracle/user_projects/domains/base_domain/lib/Security.jar:/u01/oracle/user_projects/domains/base_domain/lib/SecurityAPI.jar:/u01/oracle/user_projects/domains/base_domain/lib/WFRestServiceInvoker.jar:/u01/oracle/user_projects/domains/base_domain/lib/accessors-smart-2.4.8.jar:/u01/oracle/user_projects/domains/base_domain/lib/activation.jar:/u01/oracle/user_projects/domains/base_domain/lib/adal4j-1.6.7.jar:/u01/oracle/user_projects/domains/base_domain/lib/antlr-runtime-3.5.0.redhat-1.jar:/u01/oracle/user_projects/domains/base_domain/lib/aopalliance-repackaged-2.6.1.jar:/u01/oracle/user_projects/domains/base_domain/lib/apache-rat-0.6.jar:/u01/oracle/user_projects/domains/base_domain/lib/archival.jar:/u01/oracle/user_projects/domains/base_domain/lib/asm-9.1.jar:/u01/oracle/user_projects/domains/base_domain/lib/auditarchival.jar:/u01/oracle/user_projects/domains/base_domain/lib/aws-java-sdk-cloudfront-1.12.264.jar:/u01/oracle/user_projects/domains/base_domain/lib/aws-java-sdk-core-1.12.264.jar:/u01/oracle/user_projects/domains/base_domain/lib/aws-java-sdk-kms-1.12.264.jar:/u01/oracle/user_projects/domains/base_domain/lib/aws-java-sdk-s3-1.12.264.jar:/u01/oracle/user_projects/domains/base_domain/lib/axis-ant.jar:/u01/oracle/user_projects/domains/base_domain/lib/azure-storage-8.6.6.jar:/u01/oracle/user_projects/domains/base_domain/lib/cfclient.jar:/u01/oracle/user_projects/domains/base_domain/lib/cfrights.jar:/u01/oracle/user_projects/domains/base_domain/lib/com.bea.core.datasource_1.7.0.0.jar:/u01/oracle/user_projects/domains/base_domain/lib/commons-codec-1.15.jar:/u01/oracle/user_projects/domains/base_domain/lib/commons-collections4-4.2.jar:/u01/oracle/user_projects/domains/base_domain/lib/commons-compress-1.21.jar:/u01/oracle/user_projects/domains/base_domain/lib/commons-discovery-0.2.jar:/u01/oracle/user_projects/domains/base_domain/lib/commons-io-2.11.0.jar:/u01/oracle/user_projects/domains/base_domain/lib/commons-lang3-3.12.0.jar:/u01/oracle/user_projects/domains/base_domain/lib/commons-logging-1.2.jar:/u01/oracle/user_projects/domains/base_domain/lib/content-type-2.2.jar:/u01/oracle/user_projects/domains/base_domain/lib/crclient.jar:/u01/oracle/user_projects/domains/base_domain/lib/crrights.jar:/u01/oracle/user_projects/domains/base_domain/lib/curvesapi-1.04.jar:/u01/oracle/user_projects/domains/base_domain/lib/drools-compiler-6.5.0.Final-redhat-25.jar:/u01/oracle/user_projects/domains/base_domain/lib/drools-core-6.5.0.Final-redhat-25.jar:/u01/oracle/user_projects/domains/base_domain/lib/drools-decisiontables-6.5.0.Final-redhat-25.jar:/u01/oracle/user_projects/domains/base_domain/lib/drools-templates-6.5.0.Final-redhat-25.jar:/u01/oracle/user_projects/domains/base_domain/lib/ecj-4.4.2.redhat-1.jar:/u01/oracle/user_projects/domains/base_domain/lib/ejbclient.jar:/u01/oracle/user_projects/domains/base_domain/lib/elasticsearch-7.17.4.jar:/u01/oracle/user_projects/domains/base_domain/lib/elasticsearch-cli-7.17.4.jar:/u01/oracle/user_projects/domains/base_domain/lib/elasticsearch-core-7.17.4.jar:/u01/oracle/user_projects/domains/base_domain/lib/elasticsearch-launchers-7.17.4.jar:/u01/oracle/user_projects/domains/base_domain/lib/elasticsearch-rest-client-7.17.4.jar:/u01/oracle/user_projects/domains/base_domain/lib/elasticsearch-rest-high-level-client-7.17.4.jar:/u01/oracle/user_projects/domains/base_domain/lib/elasticsearch-secure-sm-7.17.4.jar:/u01/oracle/user_projects/domains/base_domain/lib/elasticsearch-x-content-7.17.4.jar:/u01/oracle/user_projects/domains/base_domain/lib/expiryutility.jar:/u01/oracle/user_projects/domains/base_domain/lib/format-preserving-encryption-1.0.0.jar:/u01/oracle/user_projects/domains/base_domain/lib/freemarker.jar:/u01/oracle/user_projects/domains/base_domain/lib/gagawa-1.0.1.jar:/u01/oracle/user_projects/domains/base_domain/lib/gson-2.9.1.jar:/u01/oracle/user_projects/domains/base_domain/lib/guava-32.0.1-jre.jar:/u01/oracle/user_projects/domains/base_domain/lib/handy-uri-templates-2.1.6.jar:/u01/oracle/user_projects/domains/base_domain/lib/hk2-api-2.6.1.jar:/u01/oracle/user_projects/domains/base_domain/lib/hk2-locator-2.6.1.jar:/u01/oracle/user_projects/domains/base_domain/lib/hk2-utils-2.6.1.jar:/u01/oracle/user_projects/domains/base_domain/lib/hppc-0.8.1.jar:/u01/oracle/user_projects/domains/base_domain/lib/html2pdf-3.0.3.jar:/u01/oracle/user_projects/domains/base_domain/lib/httpasyncclient-4.1.4.jar:/u01/oracle/user_projects/domains/base_domain/lib/httpclient-4.5.13.jar:/u01/oracle/user_projects/domains/base_domain/lib/httpcore-4.4.15.jar:/u01/oracle/user_projects/domains/base_domain/lib/httpcore-nio-4.4.11.jar:/u01/oracle/user_projects/domains/base_domain/lib/iformsMDM.jar:/u01/oracle/user_projects/domains/base_domain/lib/initiationagent.jar:/u01/oracle/user_projects/domains/base_domain/lib/io-7.1.14.jar:/u01/oracle/user_projects/domains/base_domain/lib/ion-java-1.0.2.jar:/u01/oracle/user_projects/domains/base_domain/lib/istack-commons-runtime-4.0.0.jar:/u01/oracle/user_projects/domains/base_domain/lib/itext-licensekey-3.1.5.jar:/u01/oracle/user_projects/domains/base_domain/lib/itextpdf-5.5.13.3.jar:/u01/oracle/user_projects/domains/base_domain/lib/jackson-annotations-2.15.2.jar:/u01/oracle/user_projects/domains/base_domain/lib/jackson-core-2.10.4.jar:/u01/oracle/user_projects/domains/base_domain/lib/jackson-core-2.15.2.jar:/u01/oracle/user_projects/domains/base_domain/lib/jackson-core-asl-1.9.13.jar:/u01/oracle/user_projects/domains/base_domain/lib/jackson-databind-2.15.2.jar:/u01/oracle/user_projects/domains/base_domain/lib/jackson-dataformat-cbor-2.15.2.jar:/u01/oracle/user_projects/domains/base_domain/lib/jackson-mapper-asl-1.9.13.jar:/u01/oracle/user_projects/domains/base_domain/lib/jai-imageio-core-1.4.0.jar:/u01/oracle/user_projects/domains/base_domain/lib/jai-imageio-jpeg2000-1.4.0.jar:/u01/oracle/user_projects/domains/base_domain/lib/jakarta.activation-api-1.2.2.jar:/u01/oracle/user_projects/domains/base_domain/lib/jakarta.annotation-api-1.3.5.jar:/u01/oracle/user_projects/domains/base_domain/lib/jakarta.json-1.1.6-module.jar:/u01/oracle/user_projects/domains/base_domain/lib/jakarta.json-1.1.6.jar:/u01/oracle/user_projects/domains/base_domain/lib/jakarta.json-api-1.1.6.jar:/u01/oracle/user_projects/domains/base_domain/lib/jakarta.json.bind-api-1.0.2.jar:/u01/oracle/user_projects/domains/base_domain/lib/jakarta.persistence-api-2.2.3.jar:/u01/oracle/user_projects/domains/base_domain/lib/jakarta.ws.rs-api-2.1.6-sources.jar:/u01/oracle/user_projects/domains/base_domain/lib/jakarta.ws.rs-api-2.1.6.jar:/u01/oracle/user_projects/domains/base_domain/lib/jakarta.xml.bind-api-2.3.3.jar:/u01/oracle/user_projects/domains/base_domain/lib/janino-2.5.15.jar:/u01/oracle/user_projects/domains/base_domain/lib/javassist-3.29.0-GA.jar:/u01/oracle/user_projects/domains/base_domain/lib/javax.json-1.1.4.jar:/u01/oracle/user_projects/domains/base_domain/lib/javax.mail-1.6.2.jar:/u01/oracle/user_projects/domains/base_domain/lib/jaxb-runtime-2.3.8.jar:/u01/oracle/user_projects/domains/base_domain/lib/jdts.jar:/u01/oracle/user_projects/domains/base_domain/lib/jersey-client.jar:/u01/oracle/user_projects/domains/base_domain/lib/jersey-container-servlet-core.jar:/u01/oracle/user_projects/domains/base_domain/lib/jersey-container-servlet.jar:/u01/oracle/user_projects/domains/base_domain/lib/jersey-hk2.jar:/u01/oracle/user_projects/domains/base_domain/lib/jersey-media-jaxb.jar:/u01/oracle/user_projects/domains/base_domain/lib/jersey-media-json-binding.jar:/u01/oracle/user_projects/domains/base_domain/lib/jersey-media-multipart-2.39.jar:/u01/oracle/user_projects/domains/base_domain/lib/jersey-media-sse.jar:/u01/oracle/user_projects/domains/base_domain/lib/jersey-server.jar:/u01/oracle/user_projects/domains/base_domain/lib/jmespath-java-1.12.264.jar:/u01/oracle/user_projects/domains/base_domain/lib/jmspublisher.jar:/u01/oracle/user_projects/domains/base_domain/lib/jmssubscriber.jar:/u01/oracle/user_projects/domains/base_domain/lib/joda-time-2.10.14.jar:/u01/oracle/user_projects/domains/base_domain/lib/json-20230618.jar:/u01/oracle/user_projects/domains/base_domain/lib/json-simple-1.1.1.jar:/u01/oracle/user_projects/domains/base_domain/lib/json-smart-2.4.11.jar:/u01/oracle/user_projects/domains/base_domain/lib/json.jar:/u01/oracle/user_projects/domains/base_domain/lib/jsr94-1.1.jar:/u01/oracle/user_projects/domains/base_domain/lib/justify-0.16.0-SNAPSHOT.jar:/u01/oracle/user_projects/domains/base_domain/lib/kernel-7.1.14.jar:/u01/oracle/user_projects/domains/base_domain/lib/kie-api-6.5.0.Final-redhat-25.jar:/u01/oracle/user_projects/domains/base_domain/lib/kie-internal-6.5.0.Final-redhat-25.jar:/u01/oracle/user_projects/domains/base_domain/lib/kotlin-stdlib-1.7.20.jar:/u01/oracle/user_projects/domains/base_domain/lib/lang-mustache-client-7.17.4.jar:/u01/oracle/user_projects/domains/base_domain/lib/loadbalancer.jar:/u01/oracle/user_projects/domains/base_domain/lib/log4j-api-2.19.0.jar:/u01/oracle/user_projects/domains/base_domain/lib/log4j-core-2.19.0.jar:/u01/oracle/user_projects/domains/base_domain/lib/lucene-analyzers-common-8.11.1.jar:/u01/oracle/user_projects/domains/base_domain/lib/lucene-backward-codecs-8.11.1.jar:/u01/oracle/user_projects/domains/base_domain/lib/lucene-core-8.11.1.jar:/u01/oracle/user_projects/domains/base_domain/lib/lucene-grouping-8.11.1.jar:/u01/oracle/user_projects/domains/base_domain/lib/lucene-highlighter-8.11.1.jar:/u01/oracle/user_projects/domains/base_domain/lib/lucene-join-8.11.1.jar:/u01/oracle/user_projects/domains/base_domain/lib/lucene-memory-8.11.1.jar:/u01/oracle/user_projects/domains/base_domain/lib/lucene-misc-8.11.1.jar:/u01/oracle/user_projects/domains/base_domain/lib/lucene-queries-8.11.1.jar:/u01/oracle/user_projects/domains/base_domain/lib/lucene-queryparser-8.11.1.jar:/u01/oracle/user_projects/domains/base_domain/lib/lucene-sandbox-8.11.1.jar:/u01/oracle/user_projects/domains/base_domain/lib/lucene-spatial-8.0.0.jar:/u01/oracle/user_projects/domains/base_domain/lib/lucene-spatial-extras-8.11.1.jar:/u01/oracle/user_projects/domains/base_domain/lib/lucene-spatial3d-8.11.1.jar:/u01/oracle/user_projects/domains/base_domain/lib/lucene-suggest-8.11.1.jar:/u01/oracle/user_projects/domains/base_domain/lib/mailingutility.jar:/u01/oracle/user_projects/domains/base_domain/lib/microsoft-graph-2.8.1.jar:/u01/oracle/user_projects/domains/base_domain/lib/microsoft-graph-auth-0.3.0-SNAPSHOT.jar:/u01/oracle/user_projects/domains/base_domain/lib/microsoft-graph-core-1.0.8.jar:/u01/oracle/user_projects/domains/base_domain/lib/mimepull-1.10.0.jar:/u01/oracle/user_projects/domains/base_domain/lib/msal4j-1.13.2.jar:/u01/oracle/user_projects/domains/base_domain/lib/mvel2-2.2.8.Final-redhat-1.jar:/u01/oracle/user_projects/domains/base_domain/lib/ngejbcallbroker.jar:/u01/oracle/user_projects/domains/base_domain/lib/nglog4j.jar:/u01/oracle/user_projects/domains/base_domain/lib/nglogger.jar:/u01/oracle/user_projects/domains/base_domain/lib/ngutility.jar:/u01/oracle/user_projects/domains/base_domain/lib/nimbus-jose-jwt-9.31.jar:/u01/oracle/user_projects/domains/base_domain/lib/nsms.jar:/u01/oracle/user_projects/domains/base_domain/lib/oauth2-oidc-sdk-9.7.jar:/u01/oracle/user_projects/domains/base_domain/lib/ofmeshared.jar:/u01/oracle/user_projects/domains/base_domain/lib/ojdbc6.jar:/u01/oracle/user_projects/domains/base_domain/lib/okhttp-4.10.0.jar:/u01/oracle/user_projects/domains/base_domain/lib/okio-jvm-3.2.0.jar:/u01/oracle/user_projects/domains/base_domain/lib/omnidocs_hook.jar:/u01/oracle/user_projects/domains/base_domain/lib/omnirulesStubs.jar:/u01/oracle/user_projects/domains/base_domain/lib/omnirules_client.jar:/u01/oracle/user_projects/domains/base_domain/lib/omnirules_config.jar:/u01/oracle/user_projects/domains/base_domain/lib/omnirulesexecution.jar:/u01/oracle/user_projects/domains/base_domain/lib/omnishared.jar:/u01/oracle/user_projects/domains/base_domain/lib/opencsv-5.7.1.jar:/u01/oracle/user_projects/domains/base_domain/lib/org.apache.oltu.oauth2.client-1.0.2.jar:/u01/oracle/user_projects/domains/base_domain/lib/org.apache.oltu.oauth2.common-1.0.2.jar:/u01/oracle/user_projects/domains/base_domain/lib/org.osgi.core-6.0.0.jar:/u01/oracle/user_projects/domains/base_domain/lib/osgi-resource-locator-1.0.3.jar:/u01/oracle/user_projects/domains/base_domain/lib/pmwrights.jar:/u01/oracle/user_projects/domains/base_domain/lib/poi-5.2.2.jar:/u01/oracle/user_projects/domains/base_domain/lib/poi-ooxml-5.2.2.jar:/u01/oracle/user_projects/domains/base_domain/lib/poi-ooxml-lite-5.2.2.jar:/u01/oracle/user_projects/domains/base_domain/lib/poi-scratchpad-5.2.2.jar:/u01/oracle/user_projects/domains/base_domain/lib/postgresql-42.5.0.jar:/u01/oracle/user_projects/domains/base_domain/lib/printfaxmail.jar:/u01/oracle/user_projects/domains/base_domain/lib/ps.jar:/u01/oracle/user_projects/domains/base_domain/lib/rank-eval-client-7.17.4.jar:/u01/oracle/user_projects/domains/base_domain/lib/reminderutility.jar:/u01/oracle/user_projects/domains/base_domain/lib/ridl.jar:/u01/oracle/user_projects/domains/base_domain/lib/secretmanager.jar:/u01/oracle/user_projects/domains/base_domain/lib/slf4j-api-1.7.22.redhat-2.jar:/u01/oracle/user_projects/domains/base_domain/lib/slf4j-api-1.7.36.jar:/u01/oracle/user_projects/domains/base_domain/lib/slf4j-jdk14-1.7.22.redhat-2.jar:/u01/oracle/user_projects/domains/base_domain/lib/sppack.jar:/u01/oracle/user_projects/domains/base_domain/lib/sqljdbc42.jar:/u01/oracle/user_projects/domains/base_domain/lib/stax2-api-3.1.3.jar:/u01/oracle/user_projects/domains/base_domain/lib/stubpmw.jar:/u01/oracle/user_projects/domains/base_domain/lib/stubswfscustom.jar:/u01/oracle/user_projects/domains/base_domain/lib/stubwfs.jar:/u01/oracle/user_projects/domains/base_domain/lib/sun-jai_codec.jar:/u01/oracle/user_projects/domains/base_domain/lib/unoil.jar:/u01/oracle/user_projects/domains/base_domain/lib/wfbusinessruleexecutor.jar:/u01/oracle/user_projects/domains/base_domain/lib/wfcalutil.jar:/u01/oracle/user_projects/domains/base_domain/lib/wfdataexchangeutil.jar:/u01/oracle/user_projects/domains/base_domain/lib/wfdms.jar:/u01/oracle/user_projects/domains/base_domain/lib/wfexportpurgeutility.jar:/u01/oracle/user_projects/domains/base_domain/lib/wfexportutil.jar:/u01/oracle/user_projects/domains/base_domain/lib/wffileuploader.jar:/u01/oracle/user_projects/domains/base_domain/lib/wfimportagent.jar:/u01/oracle/user_projects/domains/base_domain/lib/wfmailingagent.jar:/u01/oracle/user_projects/domains/base_domain/lib/wfmessageagent.jar:/u01/oracle/user_projects/domains/base_domain/lib/wfmonitorservice.jar:/u01/oracle/user_projects/domains/base_domain/lib/wfomsadapter.jar:/u01/oracle/user_projects/domains/base_domain/lib/wfrightlib.jar:/u01/oracle/user_projects/domains/base_domain/lib/wfsapconnector.jar:/u01/oracle/user_projects/domains/base_domain/lib/wfsapfunctioninvoker.jar:/u01/oracle/user_projects/domains/base_domain/lib/wfsclient.jar:/u01/oracle/user_projects/domains/base_domain/lib/wfsshared.jar:/u01/oracle/user_projects/domains/base_domain/lib/wfwebserviceinvoker.jar:/u01/oracle/user_projects/domains/base_domain/lib/wfwebserviceshared.jar:/u01/oracle/user_projects/domains/base_domain/lib/wfxmlinterface.jar:/u01/oracle/user_projects/domains/base_domain/lib/wsdl4j-1.6.2.jar:/u01/oracle/user_projects/domains/base_domain/lib/xlsx-streamer-2.2.0.jar:/u01/oracle/user_projects/domains/base_domain/lib/xmlbeans-5.1.0.jar:/u01/oracle/user_projects/domains/base_domain/lib/xmlpull-1.1.4.redhat-1.jar:/u01/oracle/user_projects/domains/base_domain/lib/xmlworker-5.5.8.jar:/u01/oracle/user_projects/domains/base_domain/lib/xom-1.3.7.jar:/u01/oracle/user_projects/domains/base_domain/lib/xpp3_min-1.1.4c-redhat-2.jar:/u01/oracle/user_projects/domains/base_domain/lib/yasson-1.0.11.jar.> 
<Jan 22, 2024, 11:30:23 AM Coordinated Universal Time> <Info> <WebLogicServer> <BEA-000377> <Starting WebLogic Server with Java HotSpot(TM) 64-Bit Server VM Version 11.0.19+9-LTS-224 from Oracle Corporation.> 
<Jan 22, 2024, 11:30:23 AM Coordinated Universal Time> <Info> <Management> <BEA-141107> <Version: WebLogic Server 14.1.1.0.0  Thu Mar 26 03:15:09 GMT 2020 2000885> 
<Jan 22, 2024, 11:30:24 AM Coordinated Universal Time> <Notice> <WebLogicServer> <BEA-000365> <Server state changed to STARTING.> 
<Jan 22, 2024, 11:30:24 AM Coordinated Universal Time> <Info> <WorkManager> <BEA-002900> <Initializing self-tuning thread pool.> 
<Jan 22, 2024, 11:30:26,070 AM Coordinated Universal Time> <Notice> <Log Management> <BEA-170019> <The server log file weblogic.logging.FileStreamHandler instance=1957013165
Current log file=/u01/oracle/user_projects/domains/base_domain/servers/AdminServer/logs/AdminServer.log
Rotation dir=/u01/oracle/user_projects/domains/base_domain/servers/AdminServer/logs
 is opened. All server side log events will be written to this file.> 
<Jan 22, 2024, 11:30:26,165 AM Coordinated Universal Time> <Notice> <Security> <BEA-090946> <Security pre-initializing using security realm: myrealm> 
<Jan 22, 2024, 11:30:26,413 AM Coordinated Universal Time> <Notice> <Security> <BEA-090947> <Security post-initializing using security realm: myrealm> 
<Jan 22, 2024, 11:30:26,782 AM Coordinated Universal Time> <Notice> <Security> <BEA-090082> <Security initialized using administrative security realm: myrealm> 
<Jan 22, 2024, 11:30:26,941 AM Coordinated Universal Time> <Notice> <JMX> <BEA-149512> <JMX Connector Server started at service:jmx:iiop://10.135.0.79:7001/jndi/weblogic.management.mbeanservers.runtime.> 
<Jan 22, 2024, 11:30:27,069 AM Coordinated Universal Time> <Notice> <JMX> <BEA-149512> <JMX Connector Server started at service:jmx:iiop://10.135.0.79:7001/jndi/weblogic.management.mbeanservers.domainruntime.> 
<Jan 22, 2024, 11:30:27,123 AM Coordinated Universal Time> <Notice> <JMX> <BEA-149512> <JMX Connector Server started at service:jmx:iiop://10.135.0.79:7001/jndi/weblogic.management.mbeanservers.edit.> 
<Jan 22, 2024, 11:30:27,684 AM Coordinated Universal Time> <Notice> <WebLogicServer> <BEA-000365> <Server state changed to STANDBY.> 
<Jan 22, 2024, 11:30:27,685 AM Coordinated Universal Time> <Notice> <WebLogicServer> <BEA-000365> <Server state changed to STARTING.> 
<Jan 22, 2024, 11:30:27,708 AM Coordinated Universal Time> <Notice> <Log Management> <BEA-170036> <The Logging monitoring service timer has started to check for logged message counts every 30 seconds.> 
WARNING: sun.reflect.Reflection.getCallerClass is not supported. This will impact performance.
2024-01-22 11:30:39,647 [STANDBY] ExecuteThread: '20' for queue: 'weblogic.kernel.Default (self-tuning)' DEBUG Apache Log4j Core 2.19.0 initializing configuration XmlConfiguration[location=/u01/oracle/user_projects/domains/base_domain/applications/axis2.war/WEB-INF/classes/log4j2.xml]
2024-01-22 11:30:39,648 [STANDBY] ExecuteThread: '20' for queue: 'weblogic.kernel.Default (self-tuning)' DEBUG PluginManager 'Core' found 130 plugins
2024-01-22 11:30:39,648 [STANDBY] ExecuteThread: '20' for queue: 'weblogic.kernel.Default (self-tuning)' DEBUG PluginManager 'Level' found 0 plugins
2024-01-22 11:30:39,649 [STANDBY] ExecuteThread: '20' for queue: 'weblogic.kernel.Default (self-tuning)' DEBUG PluginManager 'Lookup' found 16 plugins
2024-01-22 11:30:39,650 [STANDBY] ExecuteThread: '20' for queue: 'weblogic.kernel.Default (self-tuning)' DEBUG Building Plugin[name=layout, class=org.apache.logging.log4j.core.layout.PatternLayout].
2024-01-22 11:30:39,654 [STANDBY] ExecuteThread: '20' for queue: 'weblogic.kernel.Default (self-tuning)' DEBUG PluginManager 'TypeConverter' found 26 plugins
2024-01-22 11:30:39,659 [STANDBY] ExecuteThread: '20' for queue: 'weblogic.kernel.Default (self-tuning)' DEBUG PatternLayout$Builder(pattern="%d{HH:mm:ss.SSS} [%t] %-5level %logger{36} - %msg%n", PatternSelector=null, Configuration(axis2), Replace=null, charset="null", alwaysWriteExceptions="null", disableAnsi="null", noConsoleNoAnsi="null", header="null", footer="null")
2024-01-22 11:30:39,659 [STANDBY] ExecuteThread: '20' for queue: 'weblogic.kernel.Default (self-tuning)' DEBUG PluginManager 'Converter' found 45 plugins
2024-01-22 11:30:39,659 [STANDBY] ExecuteThread: '20' for queue: 'weblogic.kernel.Default (self-tuning)' DEBUG Building Plugin[name=appender, class=org.apache.logging.log4j.core.appender.ConsoleAppender].
2024-01-22 11:30:39,663 [STANDBY] ExecuteThread: '20' for queue: 'weblogic.kernel.Default (self-tuning)' DEBUG ConsoleAppender$Builder(target="SYSTEM_OUT", follow="null", direct="null", bufferedIo="null", bufferSize="null", immediateFlush="null", ignoreExceptions="null", PatternLayout(%d{HH:mm:ss.SSS} [%t] %-5level %logger{36} - %msg%n), name="Console", Configuration(axis2), Filter=null, ={})
2024-01-22 11:30:39,665 [STANDBY] ExecuteThread: '20' for queue: 'weblogic.kernel.Default (self-tuning)' DEBUG Starting OutputStreamManager SYSTEM_OUT.false.false
2024-01-22 11:30:39,665 [STANDBY] ExecuteThread: '20' for queue: 'weblogic.kernel.Default (self-tuning)' DEBUG Building Plugin[name=appenders, class=org.apache.logging.log4j.core.config.AppendersPlugin].
2024-01-22 11:30:39,666 [STANDBY] ExecuteThread: '20' for queue: 'weblogic.kernel.Default (self-tuning)' DEBUG createAppenders(={Console})
2024-01-22 11:30:39,666 [STANDBY] ExecuteThread: '20' for queue: 'weblogic.kernel.Default (self-tuning)' DEBUG Building Plugin[name=AppenderRef, class=org.apache.logging.log4j.core.config.AppenderRef].
2024-01-22 11:30:39,667 [STANDBY] ExecuteThread: '20' for queue: 'weblogic.kernel.Default (self-tuning)' DEBUG createAppenderRef(ref="Console", level="null", Filter=null)
2024-01-22 11:30:39,667 [STANDBY] ExecuteThread: '20' for queue: 'weblogic.kernel.Default (self-tuning)' DEBUG Building Plugin[name=root, class=org.apache.logging.log4j.core.config.LoggerConfig$RootLogger].
2024-01-22 11:30:39,668 [STANDBY] ExecuteThread: '20' for queue: 'weblogic.kernel.Default (self-tuning)' DEBUG LoggerConfig$RootLogger$Builder(additivity="null", level="INFO", levelAndRefs="null", includeLocation="null", ={Console}, ={}, Configuration(axis2), Filter=null)
2024-01-22 11:30:39,670 [STANDBY] ExecuteThread: '20' for queue: 'weblogic.kernel.Default (self-tuning)' DEBUG Building Plugin[name=loggers, class=org.apache.logging.log4j.core.config.LoggersPlugin].
2024-01-22 11:30:39,671 [STANDBY] ExecuteThread: '20' for queue: 'weblogic.kernel.Default (self-tuning)' DEBUG createLoggers(={root})
2024-01-22 11:30:39,671 [STANDBY] ExecuteThread: '20' for queue: 'weblogic.kernel.Default (self-tuning)' DEBUG Configuration XmlConfiguration[location=/u01/oracle/user_projects/domains/base_domain/applications/axis2.war/WEB-INF/classes/log4j2.xml] initialized
2024-01-22 11:30:39,671 [STANDBY] ExecuteThread: '20' for queue: 'weblogic.kernel.Default (self-tuning)' DEBUG Starting configuration XmlConfiguration[location=/u01/oracle/user_projects/domains/base_domain/applications/axis2.war/WEB-INF/classes/log4j2.xml]
2024-01-22 11:30:39,671 [STANDBY] ExecuteThread: '20' for queue: 'weblogic.kernel.Default (self-tuning)' DEBUG Started configuration XmlConfiguration[location=/u01/oracle/user_projects/domains/base_domain/applications/axis2.war/WEB-INF/classes/log4j2.xml] OK.
2024-01-22 11:30:39,671 [STANDBY] ExecuteThread: '20' for queue: 'weblogic.kernel.Default (self-tuning)' DEBUG Shutting down OutputStreamManager SYSTEM_OUT.false.false-2
2024-01-22 11:30:39,671 [STANDBY] ExecuteThread: '20' for queue: 'weblogic.kernel.Default (self-tuning)' DEBUG OutputStream closed
2024-01-22 11:30:39,671 [STANDBY] ExecuteThread: '20' for queue: 'weblogic.kernel.Default (self-tuning)' DEBUG Shut down OutputStreamManager SYSTEM_OUT.false.false-2, all resources released: true
2024-01-22 11:30:39,671 [STANDBY] ExecuteThread: '20' for queue: 'weblogic.kernel.Default (self-tuning)' DEBUG Appender DefaultConsole-2 stopped with status true
2024-01-22 11:30:39,671 [STANDBY] ExecuteThread: '20' for queue: 'weblogic.kernel.Default (self-tuning)' DEBUG Stopped org.apache.logging.log4j.core.config.DefaultConfiguration@6d9fda2b OK
2024-01-22 11:30:40,067 pool-1-thread-1 DEBUG Registering MBean org.apache.logging.log4j2:type=2fb8b4f4
2024-01-22 11:30:40,067 [STANDBY] ExecuteThread: '20' for queue: 'weblogic.kernel.Default (self-tuning)' DEBUG Registering MBean org.apache.logging.log4j2:type=2fb8b4f4
2024-01-22 11:30:40,069 [STANDBY] ExecuteThread: '20' for queue: 'weblogic.kernel.Default (self-tuning)' ERROR Could not register mbeans javax.management.InstanceAlreadyExistsException: org.apache.logging.log4j2:type=2fb8b4f4
	at java.management/com.sun.jmx.mbeanserver.Repository.addMBean(Repository.java:436)
	at java.management/com.sun.jmx.interceptor.DefaultMBeanServerInterceptor.registerWithRepository(DefaultMBeanServerInterceptor.java:1855)
	at java.management/com.sun.jmx.interceptor.DefaultMBeanServerInterceptor.registerDynamicMBean(DefaultMBeanServerInterceptor.java:955)
	at java.management/com.sun.jmx.interceptor.DefaultMBeanServerInterceptor.registerObject(DefaultMBeanServerInterceptor.java:890)
	at java.management/com.sun.jmx.interceptor.DefaultMBeanServerInterceptor.registerMBean(DefaultMBeanServerInterceptor.java:320)
	at java.management/com.sun.jmx.mbeanserver.JmxMBeanServer.registerMBean(JmxMBeanServer.java:522)
	at weblogic.management.jmx.mbeanserver.WLSMBeanServerInterceptorBase$32.run(WLSMBeanServerInterceptorBase.java:854)
	at java.base/java.security.AccessController.doPrivileged(Native Method)
	at weblogic.management.jmx.mbeanserver.WLSMBeanServerInterceptorBase.registerMBean(WLSMBeanServerInterceptorBase.java:849)
	at weblogic.management.mbeanservers.internal.JMXContextInterceptor.registerMBean(JMXContextInterceptor.java:424)
	at weblogic.management.jmx.mbeanserver.WLSMBeanServerInterceptorBase$32.run(WLSMBeanServerInterceptorBase.java:852)
	at java.base/java.security.AccessController.doPrivileged(Native Method)
	at weblogic.management.jmx.mbeanserver.WLSMBeanServerInterceptorBase.registerMBean(WLSMBeanServerInterceptorBase.java:849)
	at weblogic.management.jmx.mbeanserver.WLSMBeanServerInterceptorBase$32.run(WLSMBeanServerInterceptorBase.java:852)
	at java.base/java.security.AccessController.doPrivileged(Native Method)
	at weblogic.management.jmx.mbeanserver.WLSMBeanServerInterceptorBase.registerMBean(WLSMBeanServerInterceptorBase.java:849)
	at weblogic.management.jmx.mbeanserver.WLSMBeanServerInterceptorBase$32.run(WLSMBeanServerInterceptorBase.java:852)
	at java.base/java.security.AccessController.doPrivileged(Native Method)
	at weblogic.management.jmx.mbeanserver.WLSMBeanServerInterceptorBase.registerMBean(WLSMBeanServerInterceptorBase.java:849)
	at weblogic.management.mbeanservers.internal.PartitionJMXInterceptor.registerMBean(PartitionJMXInterceptor.java:276)
	at weblogic.management.jmx.mbeanserver.WLSMBeanServerInterceptorBase$32.run(WLSMBeanServerInterceptorBase.java:852)
	at java.base/java.security.AccessController.doPrivileged(Native Method)
	at weblogic.management.jmx.mbeanserver.WLSMBeanServerInterceptorBase.registerMBean(WLSMBeanServerInterceptorBase.java:849)
	at weblogic.management.mbeanservers.internal.CallerPartitionContextInterceptor.registerMBean(CallerPartitionContextInterceptor.java:297)
	at weblogic.management.jmx.mbeanserver.WLSMBeanServer.registerMBean(WLSMBeanServer.java:465)
	at org.apache.logging.log4j.core.jmx.Server.register(Server.java:400)
	at org.apache.logging.log4j.core.jmx.Server.reregisterMBeansAfterReconfigure(Server.java:168)
	at org.apache.logging.log4j.core.jmx.Server.reregisterMBeansAfterReconfigure(Server.java:141)
	at org.apache.logging.log4j.core.LoggerContext.setConfiguration(LoggerContext.java:632)
	at org.apache.logging.log4j.core.LoggerContext.reconfigure(LoggerContext.java:694)
	at org.apache.logging.log4j.core.LoggerContext.reconfigure(LoggerContext.java:711)
	at org.apache.logging.log4j.core.LoggerContext.start(LoggerContext.java:253)
	at org.apache.logging.log4j.core.impl.Log4jContextFactory.getContext(Log4jContextFactory.java:155)
	at org.apache.logging.log4j.core.impl.Log4jContextFactory.getContext(Log4jContextFactory.java:47)
	at org.apache.logging.log4j.LogManager.getContext(LogManager.java:196)
	at org.apache.logging.log4j.spi.AbstractLoggerAdapter.getContext(AbstractLoggerAdapter.java:137)
	at org.apache.logging.log4j.jcl.LogAdapter.getContext(LogAdapter.java:40)
	at org.apache.logging.log4j.spi.AbstractLoggerAdapter.getLogger(AbstractLoggerAdapter.java:47)
	at org.apache.logging.log4j.jcl.LogFactoryImpl.getInstance(LogFactoryImpl.java:41)
	at org.apache.logging.log4j.jcl.LogFactoryImpl.getInstance(LogFactoryImpl.java:56)
	at org.apache.commons.logging.LogFactory.getLog(LogFactory.java:655)
	at org.apache.axis2.deployment.DeploymentEngine.<clinit>(DeploymentEngine.java:69)
	at org.apache.axis2.transport.http.AxisServlet.initConfigContext(AxisServlet.java:629)
	at org.apache.axis2.transport.http.AxisServlet.init(AxisServlet.java:476)
	at weblogic.servlet.internal.StubSecurityHelper$ServletInitAction.run(StubSecurityHelper.java:356)
	at weblogic.servlet.internal.StubSecurityHelper$ServletInitAction.run(StubSecurityHelper.java:307)
	at weblogic.security.acl.internal.AuthenticatedSubject.doAs(AuthenticatedSubject.java:344)
	at weblogic.security.service.SecurityManager.runAsForUserCode(SecurityManager.java:197)
	at weblogic.servlet.provider.WlsSecurityProvider.runAsForUserCode(WlsSecurityProvider.java:203)
	at weblogic.servlet.provider.WlsSubjectHandle.run(WlsSubjectHandle.java:71)
	at weblogic.servlet.internal.StubSecurityHelper.initServletInstance(StubSecurityHelper.java:99)
	at weblogic.servlet.internal.StubSecurityHelper.createServlet(StubSecurityHelper.java:87)
	at weblogic.servlet.internal.StubLifecycleHelper.createOneInstance(StubLifecycleHelper.java:74)
	at weblogic.servlet.internal.StubLifecycleHelper.<init>(StubLifecycleHelper.java:57)
	at weblogic.servlet.internal.StubLifecycleHelper.<init>(StubLifecycleHelper.java:31)
	at weblogic.servlet.internal.ServletStubImpl.initStubLifecycleHelper(ServletStubImpl.java:674)
	at weblogic.servlet.internal.ServletStubImpl.prepareServlet(ServletStubImpl.java:613)
	at weblogic.servlet.internal.WebAppServletContext.preloadServlet(WebAppServletContext.java:2099)
	at weblogic.servlet.internal.WebAppServletContext.loadServletsOnStartup(WebAppServletContext.java:2076)
	at weblogic.servlet.internal.WebAppServletContext.preloadResources(WebAppServletContext.java:1965)
	at weblogic.servlet.internal.WebAppServletContext.start(WebAppServletContext.java:3254)
	at weblogic.servlet.internal.WebAppModule.startContexts(WebAppModule.java:1879)
	at weblogic.servlet.internal.WebAppModule.start(WebAppModule.java:934)
	at weblogic.application.internal.ExtensibleModuleWrapper$StartStateChange.next(ExtensibleModuleWrapper.java:360)
	at weblogic.application.internal.ExtensibleModuleWrapper$StartStateChange.next(ExtensibleModuleWrapper.java:356)
	at weblogic.application.utils.StateMachineDriver.nextState(StateMachineDriver.java:45)
	at weblogic.application.internal.ExtensibleModuleWrapper.start(ExtensibleModuleWrapper.java:138)
	at weblogic.application.internal.flow.ModuleListenerInvoker.start(ModuleListenerInvoker.java:124)
	at weblogic.application.internal.flow.ModuleStateDriver$3.next(ModuleStateDriver.java:233)
	at weblogic.application.internal.flow.ModuleStateDriver$3.next(ModuleStateDriver.java:228)
	at weblogic.application.utils.StateMachineDriver.nextState(StateMachineDriver.java:45)
	at weblogic.application.internal.flow.ModuleStateDriver.start(ModuleStateDriver.java:78)
	at weblogic.application.internal.flow.StartModulesFlow.activate(StartModulesFlow.java:52)
	at weblogic.application.internal.BaseDeployment$2.next(BaseDeployment.java:752)
	at weblogic.application.utils.StateMachineDriver.nextState(StateMachineDriver.java:45)
	at weblogic.application.internal.BaseDeployment.activate(BaseDeployment.java:262)
	at weblogic.application.internal.SingleModuleDeployment.activate(SingleModuleDeployment.java:52)
	at weblogic.application.internal.DeploymentStateChecker.activate(DeploymentStateChecker.java:165)
	at weblogic.deploy.internal.targetserver.AppContainerInvoker.activate(AppContainerInvoker.java:90)
	at weblogic.deploy.internal.targetserver.BasicDeployment.activate(BasicDeployment.java:274)
	at weblogic.deploy.internal.targetserver.BasicDeployment.activateFromServerLifecycle(BasicDeployment.java:507)
	at weblogic.management.deploy.internal.DeploymentAdapter$1.doActivate(DeploymentAdapter.java:53)
	at weblogic.management.deploy.internal.DeploymentAdapter.activate(DeploymentAdapter.java:202)
	at weblogic.management.deploy.internal.AppTransition$2.transitionAppInternal(AppTransition.java:53)
	at weblogic.management.deploy.internal.AppTransition.transitionApp(AppTransition.java:138)
	at weblogic.management.deploy.internal.ConfiguredDeployments$2.doItem(ConfiguredDeployments.java:741)
	at weblogic.management.deploy.internal.parallel.BucketInvoker$2.run(BucketInvoker.java:95)
	at weblogic.work.ContextWrap.run(ContextWrap.java:46)
	at weblogic.work.SelfTuningWorkManagerImpl$WorkAdapterImpl.run(SelfTuningWorkManagerImpl.java:677)
	at weblogic.invocation.ComponentInvocationContextManager._runAs(ComponentInvocationContextManager.java:352)
	at weblogic.invocation.ComponentInvocationContextManager.runAs(ComponentInvocationContextManager.java:337)
	at weblogic.work.LivePartitionUtility.doRunWorkUnderContext(LivePartitionUtility.java:57)
	at weblogic.work.PartitionUtility.runWorkUnderContext(PartitionUtility.java:41)
	at weblogic.work.SelfTuningWorkManagerImpl.runWorkUnderContext(SelfTuningWorkManagerImpl.java:651)
	at weblogic.work.ExecuteThread.execute(ExecuteThread.java:420)
	at weblogic.work.ExecuteThread.run(ExecuteThread.java:360)

2024-01-22 11:30:40,070 pool-1-thread-1 DEBUG Registering MBean org.apache.logging.log4j2:type=2fb8b4f4,component=StatusLogger
2024-01-22 11:30:40,071 pool-1-thread-1 DEBUG Registering MBean org.apache.logging.log4j2:type=2fb8b4f4,component=ContextSelector
2024-01-22 11:30:40,072 pool-1-thread-1 DEBUG Registering MBean org.apache.logging.log4j2:type=2fb8b4f4,component=Loggers,name=
2024-01-22 11:30:40,072 pool-1-thread-1 DEBUG Registering MBean org.apache.logging.log4j2:type=2fb8b4f4,component=Appenders,name=Console
2024-01-22 11:30:40,073 [STANDBY] ExecuteThread: '20' for queue: 'weblogic.kernel.Default (self-tuning)' DEBUG org.apache.logging.log4j.core.util.SystemClock does not support precise timestamps.
2024-01-22 11:30:40,073 pool-1-thread-1 DEBUG Reconfiguration complete for context[name=Newgen Logger] at URI NULL_SOURCE (org.apache.logging.log4j.core.LoggerContext@4f51bc93) with optional ClassLoader: null
2024-01-22 11:30:40,073 [STANDBY] ExecuteThread: '20' for queue: 'weblogic.kernel.Default (self-tuning)' DEBUG Reconfiguration complete for context[name=2fb8b4f4] at URI /u01/oracle/user_projects/domains/base_domain/applications/axis2.war/WEB-INF/classes/log4j2.xml (org.apache.logging.log4j.core.LoggerContext@4be32a88) with optional ClassLoader: null
2024-01-22 11:30:40,073 pool-1-thread-1 DEBUG Shutdown hook enabled. Registering a new one.
2024-01-22 11:30:40,073 [STANDBY] ExecuteThread: '20' for queue: 'weblogic.kernel.Default (self-tuning)' DEBUG Shutdown hook enabled. Registering a new one.
2024-01-22 11:30:40,074 [STANDBY] ExecuteThread: '20' for queue: 'weblogic.kernel.Default (self-tuning)' DEBUG LoggerContext[name=2fb8b4f4, org.apache.logging.log4j.core.LoggerContext@4be32a88] started OK.
2024-01-22 11:30:40,074 pool-1-thread-1 DEBUG LoggerContext[name=Newgen Logger, org.apache.logging.log4j.core.LoggerContext@4f51bc93] started OK.
2024-01-22 11:30:40,078 pool-1-thread-1 DEBUG PluginManager 'Lookup' found 16 plugins
2024-01-22 11:30:40,079 pool-1-thread-1 DEBUG PluginManager 'Converter' found 45 plugins
2024-01-22 11:30:40,079 pool-1-thread-1 DEBUG Starting OutputStreamManager SYSTEM_OUT.false.false-4
2024-01-22 11:30:40,079 pool-1-thread-1 DEBUG Using configurationFactory org.apache.logging.log4j.core.config.ConfigurationFactory$Factory@5b3923de
2024-01-22 11:30:40,079 pool-1-thread-1 DEBUG PluginManager 'Lookup' found 16 plugins
2024-01-22 11:30:40,080 pool-1-thread-1 DEBUG Closing ByteArrayInputStream java.io.ByteArrayInputStream@7e8eaeec
11:30:40.429 [[STANDBY] ExecuteThread: '20' for queue: 'weblogic.kernel.Default (self-tuning)'] INFO  org.apache.axis2.deployment.ClusterBuilder - Clustering has been disabled
11:30:40.551 [[STANDBY] ExecuteThread: '20' for queue: 'weblogic.kernel.Default (self-tuning)'] INFO  org.apache.axis2.deployment.ModuleDeployer - Deploying module: addressing-1.8.2 - file:/u01/oracle/user_projects/domains/base_domain/applications/axis2.war/WEB-INF/modules/addressing-1.8.2.mar
11:30:40.554 [[STANDBY] ExecuteThread: '20' for queue: 'weblogic.kernel.Default (self-tuning)'] INFO  org.apache.axis2.deployment.ModuleDeployer - Deploying module: jaxws-1.8.2 - file:/u01/oracle/user_projects/domains/base_domain/applications/axis2.war/WEB-INF/modules/axis2-jaxws-mar-1.8.2.mar
11:30:40.561 [[STANDBY] ExecuteThread: '20' for queue: 'weblogic.kernel.Default (self-tuning)'] INFO  org.apache.axis2.deployment.ModuleDeployer - Deploying module: metadataExchange-1.8.2 - file:/u01/oracle/user_projects/domains/base_domain/applications/axis2.war/WEB-INF/modules/mex-1.8.2.mar
11:30:40.564 [[STANDBY] ExecuteThread: '20' for queue: 'weblogic.kernel.Default (self-tuning)'] INFO  org.apache.axis2.deployment.ModuleDeployer - Deploying module: mtompolicy-1.8.2 - file:/u01/oracle/user_projects/domains/base_domain/applications/axis2.war/WEB-INF/modules/mtompolicy-1.8.2.mar
11:30:40.566 [[STANDBY] ExecuteThread: '20' for queue: 'weblogic.kernel.Default (self-tuning)'] INFO  org.apache.axis2.deployment.ModuleDeployer - Deploying module: ping-1.8.2 - file:/u01/oracle/user_projects/domains/base_domain/applications/axis2.war/WEB-INF/modules/ping-1.8.2.mar
11:30:40.567 [[STANDBY] ExecuteThread: '20' for queue: 'weblogic.kernel.Default (self-tuning)'] INFO  org.apache.axis2.deployment.ModuleDeployer - Deploying module: script-1.8.2 - file:/u01/oracle/user_projects/domains/base_domain/applications/axis2.war/WEB-INF/modules/scripting-1.8.2.mar
11:30:40.569 [[STANDBY] ExecuteThread: '20' for queue: 'weblogic.kernel.Default (self-tuning)'] INFO  org.apache.axis2.deployment.ModuleDeployer - Deploying module: soapmonitor-1.8.2 - file:/u01/oracle/user_projects/domains/base_domain/applications/axis2.war/WEB-INF/modules/soapmonitor-1.8.2.mar
11:30:40.674 [[STANDBY] ExecuteThread: '20' for queue: 'weblogic.kernel.Default (self-tuning)'] INFO  org.apache.axis2.deployment.DeploymentEngine - Deploying Web service: version-1.8.2.aar - file:/u01/oracle/user_projects/domains/base_domain/applications/axis2.war/WEB-INF/services/version-1.8.2.aar
<Jan 22, 2024, 11:30:41,243 AM Coordinated Universal Time> <Warning> <Log Management> <BEA-170034> <LogMonitoring Service counted 9,954 log messages in the last 30 seconds. This exceeds the throttle threshold value of 1,500, certain repetitive messages will now be throttled.> 
<Jan 22, 2024, 11:30:41,251 AM Coordinated Universal Time> <Notice> <Log Management> <BEA-170027> <The server has successfully established a connection with the Domain level Diagnostic Service.> 
<Jan 22, 2024, 11:30:41,477 AM Coordinated Universal Time> <Notice> <WebLogicServer> <BEA-000365> <Server state changed to ADMIN.> 
<Jan 22, 2024, 11:30:41,516 AM Coordinated Universal Time> <Notice> <WebLogicServer> <BEA-000365> <Server state changed to RESUMING.> 
<Jan 22, 2024, 11:30:41,651 AM Coordinated Universal Time> <Notice> <Security> <BEA-090171> <Loading the identity certificate and private key stored under the alias DemoIdentity from the jks keystore file /u01/oracle/user_projects/domains/base_domain/security/DemoIdentity.jks.> 
<Jan 22, 2024, 11:30:41,721 AM Coordinated Universal Time> <Alert> <Security> <BEA-090153> <Demo identity certificate is used in production mode: [
[
  Version: V3
  Subject: CN=buildkitsandbox, OU=FOR TESTING ONLY, O=MyOrganization, L=MyTown, ST=MyState, C=US
  Signature Algorithm: SHA256withRSA, OID = 1.2.840.113549.1.1.11

  Key:  Sun RSA public key, 2048 bits
  params: null
  modulus: 20550701932141306296138104405722730309986320891437558215285354722649774280886955847857860241990481246461255497228759415942086747995743215423750800419619001714010060349121990033828385606431839511191221676811010307637392711133972127743700369412644548360823259461528414117879628426896619952726803516319511315382768626841475873446514127312570931184363239150139331044030072736589906128803814111112701795764730325600446722347557733126956480048356660482282598469778985044485864615547721260601074125479557332848506132110254600698905468289295460661498052348363145688182380002847396247327280929996372879571760117583486629466067
  public exponent: 65537
  Validity: [From: Wed Aug 23 06:29:01 UTC 2023,
               To: Tue Aug 24 06:29:01 UTC 2038]
  Issuer: CN=CertGenCA, OU=FOR TESTING ONLY, O=MyOrganization, L=MyTown, ST=MyState, C=US
  SerialNumber: [   -52d59773 2c2cec16 4bf14722 76daadc9]

Certificate Extensions: 4
[1]: ObjectId: 2.5.29.35 Criticality=false
AuthorityKeyIdentifier [
KeyIdentifier [
0000: 34 38 FD 45 D8 80 CF C7   D2 E8 DF 1D F8 A1 39 B0  48.E..........9.
0010: 11 88 00 6A                                        ...j
]
]

[2]: ObjectId: 2.5.29.15 Criticality=true
KeyUsage [
  DigitalSignature
  Non_repudiation
  Key_Encipherment
  Data_Encipherment
  Key_Agreement
]

[3]: ObjectId: 2.5.29.17 Criticality=false
SubjectAlternativeName [
  DNSName: localhost
]

[4]: ObjectId: 2.5.29.14 Criticality=false
SubjectKeyIdentifier [
KeyIdentifier [
0000: 6F 8A 3E 21 71 AF 31 71   1B C9 75 7F BD 78 43 05  o.>!q.1q..u..xC.
0010: DF B7 7E 20                                        ... 
]
]

]
  Algorithm: [SHA256withRSA]
  Signature:
0000: 7F E7 29 77 75 E7 BC F9   0E B2 17 B1 FE 41 3B 00  ..)wu........A;.
0010: 8C 26 8E B7 B4 6E 8C 5F   7C D4 64 7C 4C 7D EC EE  .&...n._..d.L...
0020: C7 48 FA 7F 4B C7 30 BD   57 86 2E DA 1A 9F AE 8E  .H..K.0.W.......
0030: 79 34 14 BE 87 5E D6 0F   C4 93 F8 53 BC 5C 9B 22  y4...^.....S.\."
0040: 9A 93 C8 A2 24 89 03 F5   54 26 85 2B 0C E7 91 8B  ....$...T&.+....
0050: F9 E9 59 A1 30 1D B1 D4   4F 25 42 7B F7 9A 01 32  ..Y.0...O%B....2
0060: 05 91 AF E3 16 43 5B 9A   01 BB 87 79 20 CC 08 B4  .....C[....y ...
0070: 72 E5 1B E7 B4 92 3A 4C   AA 7D 79 C7 23 E6 69 D6  r.....:L..y.#.i.
0080: 26 30 C8 4B 6B B7 0E D6   5F 8A B2 6D 40 BB EC F2  &0.Kk..._..m@...
0090: D8 B7 9F 06 1A CD A3 10   52 F1 D8 A4 63 5B 14 96  ........R...c[..
00A0: 9D 38 1C B7 0D 01 EC 64   64 B4 5D D4 3A 82 20 89  .8.....dd.].:. .
00B0: 97 5A C4 95 EA 9B 1D 93   9A A6 E0 93 C2 21 4B F4  .Z...........!K.
00C0: D5 6F D2 07 E9 3E D4 65   D1 3F 9B 6F 1F C8 96 53  .o...>.e.?.o...S
00D0: 32 66 BB 19 08 12 26 53   79 9E 15 25 18 80 AE B6  2f....&Sy..%....
00E0: BD A5 FD 63 55 CF D2 94   E1 13 E1 59 C1 91 CE DF  ...cU......Y....
00F0: 91 EF 91 48 8F 51 76 3E   EF C5 BE 83 F9 0C 1A CC  ...H.Qv>........

] The system is vulnerable to security attacks, since the server private key is available to the public.> 
<Jan 22, 2024, 11:30:41,723 AM Coordinated Universal Time> <Notice> <Security> <BEA-090169> <Loading trusted certificates from the jks keystore file /u01/oracle/wlserver/server/lib/DemoTrust.jks.> 
<Jan 22, 2024, 11:30:41,724 AM Coordinated Universal Time> <Notice> <Security> <BEA-090169> <Loading trusted certificates from the jks keystore file /usr/java/jdk-11.0.19/lib/security/cacerts.> 
<Jan 22, 2024, 11:30:41,726 AM Coordinated Universal Time> <Alert> <Security> <BEA-090152> <Demo trusted CA certificate is being used in production mode: [
[
  Version: V3
  Subject: CN=CertGenCA, OU=FOR TESTING ONLY, O=MyOrganization, L=MyTown, ST=MyState, C=US
  Signature Algorithm: SHA256withRSA, OID = 1.2.840.113549.1.1.11

  Key:  Sun RSA public key, 2048 bits
  params: null
  modulus: 21569708395943251187594674016571604098921772745632282565929962814298138584591157613649992982592658748355964560637259269459381120165962674847997186601844952950794343884378508077250725387979264156405992230284901283444196168994202670671450098028002820729882379283494630302003296180454013575703696190719968922095992809718845192136877316024285273738556979086501184481229174883470885039602384578448109344178846134501578736532042806069180907098975317661162739134415281135882151855357804342112417305346131916129115886340854713286486175081106238445832240131690537019111854259217532593165348893830947166922845648303005469444649
  public exponent: 65537
  Validity: [From: Sat Dec 01 03:07:51 UTC 2012,
               To: Thu Dec 02 03:07:51 UTC 2032]
  Issuer: CN=CertGenCA, OU=FOR TESTING ONLY, O=MyOrganization, L=MyTown, ST=MyState, C=US
  SerialNumber: [    40044886 c441ef3b 643a8066 409afca0]

Certificate Extensions: 3
[1]: ObjectId: 2.5.29.19 Criticality=true
BasicConstraints:[
  CA:true
  PathLen:1
]

[2]: ObjectId: 2.5.29.15 Criticality=true
KeyUsage [
  Key_CertSign
]

[3]: ObjectId: 2.5.29.14 Criticality=false
SubjectKeyIdentifier [
KeyIdentifier [
0000: 34 38 FD 45 D8 80 CF C7   D2 E8 DF 1D F8 A1 39 B0  48.E..........9.
0010: 11 88 00 6A                                        ...j
]
]

]
  Algorithm: [SHA256withRSA]
  Signature:
0000: 17 69 74 CF CB 96 44 33   17 B3 70 0F 2A FF A8 63  .it...D3..p.*..c
0010: CC 7A C8 CD 74 59 99 DE   10 16 FE 3D 17 00 71 B8  .z..tY.....=..q.
0020: B0 FC C4 3F B6 B0 6D 77   78 9F 83 9B EA 22 A3 DA  ...?..mwx...."..
0030: D7 35 00 D6 C5 F3 37 F1   7C 28 DF AA E8 2D 2A 13  .5....7..(...-*.
0040: 9C 38 63 B7 08 D2 0E 0D   20 93 86 3D A2 F0 86 B9  .8c..... ..=....
0050: 2B B4 6A 3F C6 FB 61 77   36 EE 60 07 BE C2 0E E4  +.j?..aw6.`.....
0060: 33 0C E8 08 B1 3A 25 DC   3B E2 47 30 F1 46 43 06  3....:%.;.G0.FC.
0070: 85 EE AB 3B 65 29 12 35   D4 D9 A8 EC 90 DB 60 6A  ...;e).5......`j
0080: 4D 13 99 EE BD 29 AA BB   1F 96 C9 88 F3 E3 63 34  M....)........c4
0090: 73 75 D4 5D EE B7 26 CD   78 E9 AA 1E B8 42 15 01  su.]..&.x....B..
00A0: F3 D9 2A 64 C4 70 1D 1E   E5 98 EF 1E 78 1F 6C DF  ..*d.p......x.l.
00B0: 7D FF 4B DD 7A 53 B2 C8   0E 0D 27 27 40 DB 8D 10  ..K.zS....''@...
00C0: 47 5B 2E F4 74 89 85 2A   1B 6A 6A 3F 65 D9 25 2B  G[..t..*.jj?e.%+
00D0: 93 A5 33 CE 03 CC 8E 64   E1 9F F1 3C A4 AB 0F C5  ..3....d...<....
00E0: 28 36 46 B9 F4 24 69 0A   38 E9 A6 73 92 68 AC 79  (6F..$i.8..s.h.y
00F0: F5 E1 D7 CB D8 FF FE 15   F7 B8 39 33 D3 66 03 17  ..........93.f..

]. The system is vulnerable to security attacks, since it trusts certificates signed by the demo trusted CA.> 
<Jan 22, 2024, 11:30:41,729 AM Coordinated Universal Time> <Warning> <Server> <BEA-002611> <The hostname "localhost", maps to multiple IP addresses: 127.0.0.1, 0:0:0:0:0:0:0:1.> 
<Jan 22, 2024, 11:30:41,730 AM Coordinated Universal Time> <Notice> <WebLogicServer> <BEA-000329> <Started the WebLogic Server Administration Server "AdminServer" for domain "base_domain" running in production mode.> 
<Jan 22, 2024, 11:30:41,731 AM Coordinated Universal Time> <Notice> <Server> <BEA-002613> <Channel "DefaultSecure[2]" is now listening on 127.0.0.1:7002 for protocols iiops, t3s, ldaps, https.> 
<Jan 22, 2024, 11:30:41,731 AM Coordinated Universal Time> <Notice> <Server> <BEA-002613> <Channel "Default[2]" is now listening on 127.0.0.1:7001 for protocols iiop, t3, ldap, snmp, http.> 
<Jan 22, 2024, 11:30:41,731 AM Coordinated Universal Time> <Notice> <Server> <BEA-002613> <Channel "DefaultSecure[1]" is now listening on 0:0:0:0:0:0:0:1%lo:7002 for protocols iiops, t3s, ldaps, https.> 
<Jan 22, 2024, 11:30:41,731 AM Coordinated Universal Time> <Notice> <Server> <BEA-002613> <Channel "Default[1]" is now listening on 0:0:0:0:0:0:0:1%lo:7001 for protocols iiop, t3, ldap, snmp, http.> 
<Jan 22, 2024, 11:30:41,731 AM Coordinated Universal Time> <Notice> <WebLogicServer> <BEA-000360> <The server started in RUNNING mode.> 
<Jan 22, 2024, 11:30:41,731 AM Coordinated Universal Time> <Notice> <Server> <BEA-002613> <Channel "DefaultSecure" is now listening on 10.135.0.79:7002 for protocols iiops, t3s, ldaps, https.> 
<Jan 22, 2024, 11:30:41,732 AM Coordinated Universal Time> <Notice> <Server> <BEA-002613> <Channel "Default" is now listening on 10.135.0.79:7001 for protocols iiop, t3, ldap, snmp, http.> 
<Jan 22, 2024, 11:30:41,732 AM Coordinated Universal Time> <Notice> <Server> <BEA-002613> <Channel "DefaultSecure[2]" is now listening on 127.0.0.1:7002 for protocols iiops, t3s, ldaps, https.> 
<Jan 22, 2024, 11:30:41,732 AM Coordinated Universal Time> <Notice> <Server> <BEA-002613> <Channel "Default[2]" is now listening on 127.0.0.1:7001 for protocols iiop, t3, ldap, snmp, http.> 
<Jan 22, 2024, 11:30:41,732 AM Coordinated Universal Time> <Notice> <Server> <BEA-002613> <Channel "DefaultSecure[1]" is now listening on 0:0:0:0:0:0:0:1%lo:7002 for protocols iiops, t3s, ldaps, https.> 
<Jan 22, 2024, 11:30:41,732 AM Coordinated Universal Time> <Notice> <Server> <BEA-002613> <Channel "Default[1]" is now listening on 0:0:0:0:0:0:0:1%lo:7001 for protocols iiop, t3, ldap, snmp, http.> 
<Jan 22, 2024, 11:30:41,732 AM Coordinated Universal Time> <Notice> <Server> <BEA-002613> <Channel "DefaultSecure" is now listening on 10.135.0.79:7002 for protocols iiops, t3s, ldaps, https.> 
<Jan 22, 2024, 11:30:41,732 AM Coordinated Universal Time> <Notice> <Server> <BEA-002613> <Channel "Default" is now listening on 10.135.0.79:7001 for protocols iiop, t3, ldap, snmp, http.> 
<Jan 22, 2024, 11:30:41,734 AM Coordinated Universal Time> <Notice> <WebLogicServer> <BEA-000365> <Server state changed to RUNNING.> 
<Jan 22, 2024, 11:30:42,082 AM Coordinated Universal Time> <Warning> <EJB> <BEA-010061> <The Message-Driven EJB WFWSReqMDB is unable to connect to the JMS destination queue/WFWSReqQueue. The Error was:
The destination for the MessageDrivenBean WFWSReqMDB(Application: wfs_ejb, EJBComponent: wfs_ejb.jar) could not be resolved at this time. Please ensure the destination is  available at the JNDI name queue/WFWSReqQueue.  The EJB container will periodically attempt to resolve this MessageDrivenBean destination and additional warnings may be issued.> 
<Jan 22, 2024, 11:30:42,083 AM Coordinated Universal Time> <Warning> <EJB> <BEA-010061> <The Message-Driven EJB WFWSResMDB is unable to connect to the JMS destination queue/WFWSResQueue. The Error was:
The destination for the MessageDrivenBean WFWSResMDB(Application: wfs_ejb, EJBComponent: wfs_ejb.jar) could not be resolved at this time. Please ensure the destination is  available at the JNDI name queue/WFWSResQueue.  The EJB container will periodically attempt to resolve this MessageDrivenBean destination and additional warnings may be issued.> 
<Jan 22, 2024, 11:30:57,752 AM Coordinated Universal Time> <Notice> <Log Management> <BEA-170035> <LogMonitoring Service counted 137 log messages in the last 30 seconds which is below the threshold value of 1,500. Log messages are not being throttled.> 
